{"numFailedTestSuites":0,"numFailedTests":0,"numPassedTestSuites":1,"numPassedTests":3,"numPendingTestSuites":0,"numPendingTests":0,"numRuntimeErrorTestSuites":0,"numTodoTests":0,"numTotalTestSuites":1,"numTotalTests":3,"openHandles":[],"snapshot":{"added":0,"didUpdate":false,"failure":false,"filesAdded":0,"filesRemoved":0,"filesRemovedList":[],"filesUnmatched":0,"filesUpdated":0,"matched":0,"total":0,"unchecked":0,"uncheckedKeysByFile":[],"unmatched":0,"updated":0},"startTime":1778958660840,"success":true,"testResults":[{"assertionResults":[{"ancestorTitles":["Testy Integracyjne API Układu Słonecznego"],"duration":101,"failureDetails":[],"failureMessages":[],"fullName":"Testy Integracyjne API Układu Słonecznego GET /health powinien zwrócić status 200 i potwierdzić połączenie z bazą","invocations":1,"location":null,"numPassingAsserts":3,"retryReasons":[],"status":"passed","title":"GET /health powinien zwrócić status 200 i potwierdzić połączenie z bazą"},{"ancestorTitles":["Testy Integracyjne API Układu Słonecznego"],"duration":19,"failureDetails":[],"failureMessages":[],"fullName":"Testy Integracyjne API Układu Słonecznego GET /api/planets powinien zwrócić listę planet z bazy danych","invocations":1,"location":null,"numPassingAsserts":5,"retryReasons":[],"status":"passed","title":"GET /api/planets powinien zwrócić listę planet z bazy danych"},{"ancestorTitles":["Testy Integracyjne API Układu Słonecznego"],"duration":18,"failureDetails":[],"failureMessages":[],"fullName":"Testy Integracyjne API Układu Słonecznego POST /api/planets/:id/interact powinien zwrócić losowy opis planety","invocations":1,"location":null,"numPassingAsserts":3,"retryReasons":[],"status":"passed","title":"POST /api/planets/:id/interact powinien zwrócić losowy opis planety"}],"endTime":1778958662047,"message":"","name":"C:\\Users\\hir3n\\Desktop\\webvr\\backend\\server.test.js","startTime":1778958660919,"status":"passed","summary":""}],"wasInterrupted":false}
